<testsuites id="" name="" tests="1" failures="0" skipped="0" errors="0" time="82.24415300000001">
<testsuite name="production-readonly\homepage.spec.ts" timestamp="2026-08-05T16:37:49.022Z" hostname="production-readonly" tests="1" failures="0" skipped="0" time="78.163" errors="0">
<testcase name="Beautywelt Homepage @production-readonly @smoke › displays the expected primary category destinations" classname="production-readonly\homepage.spec.ts" time="78.163">
</testcase>
</testsuite>
</testsuites>