<testsuites id="" name="" tests="1" failures="1" skipped="0" errors="0" time="6.324005000000005">
<testsuite name="staging\desktop\navigation.spec.ts" timestamp="2026-08-05T09:01:49.049Z" hostname="staging-desktop" tests="1" failures="1" skipped="0" time="0.606" errors="0">
<testcase name="Desktop Navigation Flow @staging @stateful @requires-authorization › navigates from search to checkout entry on approved staging" classname="staging\desktop\navigation.spec.ts" time="0.606">
<failure message="navigation.spec.ts:474:7 navigates from search to checkout entry on approved staging" type="FAILURE">
<![CDATA[  [staging-desktop] › staging\desktop\navigation.spec.ts:474:7 › Desktop Navigation Flow @staging @stateful @requires-authorization › navigates from search to checkout entry on approved staging › Open the authorized staging homepage 

    Error: Staging homepage navigation returned HTTP 401.

    expect(received).toBeLessThan(expected)

    Expected: < 400
    Received:   401

      65 |     response.status(),
      66 |     `${purpose} returned HTTP ${response.status()}.`,
    > 67 |   ).toBeLessThan(400);
         |     ^
      68 | }
      69 |
      70 | async function findSingleVisibleLocator(
        at assertSuccessfulDocumentResponse (D:\MbarekDevCode\playwright-testing-software\playwright_test\tests\staging\desktop\navigation.spec.ts:67:5)
        at D:\MbarekDevCode\playwright-testing-software\playwright_test\tests\staging\desktop\navigation.spec.ts:484:13
        at D:\MbarekDevCode\playwright-testing-software\playwright_test\tests\staging\desktop\navigation.spec.ts:479:5

    attachment #1: screenshot (image/png) ──────────────────────────────────────────────────────────
    ..\test-results\staging-desktop-navigation-e0548-t-entry-on-approved-staging-staging-desktop\test-failed-1.png
    ────────────────────────────────────────────────────────────────────────────────────────────────

    Error Context: ..\test-results\staging-desktop-navigation-e0548-t-entry-on-approved-staging-staging-desktop\error-context.md

    attachment #3: trace (application/zip) ─────────────────────────────────────────────────────────
    ..\test-results\staging-desktop-navigation-e0548-t-entry-on-approved-staging-staging-desktop\trace.zip
    Usage:

        npx playwright show-trace ..\test-results\staging-desktop-navigation-e0548-t-entry-on-approved-staging-staging-desktop\trace.zip

    ────────────────────────────────────────────────────────────────────────────────────────────────
]]>
</failure>
<system-out>
<![CDATA[
[[ATTACHMENT|..\test-results\staging-desktop-navigation-e0548-t-entry-on-approved-staging-staging-desktop\test-failed-1.png]]

[[ATTACHMENT|..\test-results\staging-desktop-navigation-e0548-t-entry-on-approved-staging-staging-desktop\error-context.md]]

[[ATTACHMENT|..\test-results\staging-desktop-navigation-e0548-t-entry-on-approved-staging-staging-desktop\trace.zip]]
]]>
</system-out>
</testcase>
</testsuite>
</testsuites>