<testsuites id="" name="" tests="10" failures="0" skipped="10" errors="0" time="0.14913700000000005">
<testsuite name="production-readonly/homepage.spec.ts" timestamp="2026-07-30T16:26:47.394Z" hostname="production-readonly" tests="4" failures="0" skipped="4" time="0" errors="0">
<testcase name="Homepage @production-readonly › should display the page title" classname="production-readonly/homepage.spec.ts" time="0">
<skipped>
</skipped>
</testcase>
<testcase name="Homepage @production-readonly › should display header and footer landmarks" classname="production-readonly/homepage.spec.ts" time="0">
<skipped>
</skipped>
</testcase>
<testcase name="Homepage @production-readonly › should display search control" classname="production-readonly/homepage.spec.ts" time="0">
<skipped>
</skipped>
</testcase>
<testcase name="Homepage @production-readonly › main content landmark is visible" classname="production-readonly/homepage.spec.ts" time="0">
<skipped>
</skipped>
</testcase>
</testsuite>
<testsuite name="staging/cart.spec.ts" timestamp="2026-07-30T16:26:47.394Z" hostname="staging" tests="1" failures="0" skipped="1" time="0" errors="0">
<testcase name="Cart @staging @stateful @requires-authorization › updates item quantity (staging only)" classname="staging/cart.spec.ts" time="0">
<skipped>
</skipped>
</testcase>
</testsuite>
<testsuite name="unit/safety-controls.spec.ts" timestamp="2026-07-30T16:26:47.394Z" hostname="unit" tests="5" failures="0" skipped="5" time="0" errors="0">
<testcase name="Safety Controls - Unit Tests › isProductionHost should identify production URLs" classname="unit/safety-controls.spec.ts" time="0">
<skipped>
</skipped>
</testcase>
<testcase name="Safety Controls - Unit Tests › validateEnvironment should throw if BASE_URL is missing" classname="unit/safety-controls.spec.ts" time="0">
<skipped>
</skipped>
</testcase>
<testcase name="Safety Controls - Unit Tests › validateEnvironment should throw if state changes are allowed on production" classname="unit/safety-controls.spec.ts" time="0">
<skipped>
</skipped>
</testcase>
<testcase name="Safety Controls - Unit Tests › validateEnvironment should pass for production if state changes are disabled" classname="unit/safety-controls.spec.ts" time="0">
<skipped>
</skipped>
</testcase>
<testcase name="Safety Controls - Unit Tests › validateEnvironment should pass for staging if state changes are enabled" classname="unit/safety-controls.spec.ts" time="0">
<skipped>
</skipped>
</testcase>
</testsuite>
</testsuites>